c:\users\ga\desktop\so\so\uthreads\uthread\debug\vc141.pdb
c:\users\ga\desktop\so\so\uthreads\uthread\debug\vc141.idb
c:\users\ga\desktop\so\so\uthreads\uthread\debug\uthread.obj
c:\users\ga\desktop\so\so\t2\ave18v\uthread\debug\vc141.pdb
c:\users\ga\desktop\so\so\t2\ave18v\uthread\debug\vc141.idb
c:\users\ga\desktop\so\so\t2\ave18v\uthread\debug\uthread.obj
c:\users\ga\desktop\so\so\uthreads\debug\uthread.dll
c:\users\ga\desktop\so\so\uthreads\debug\uthread.ilk
c:\users\ga\desktop\so\so\uthreads\debug\uthread.pdb
c:\users\ga\desktop\so\so\t2\ave18v\debug\uthread.dll
c:\users\ga\desktop\so\so\t2\ave18v\debug\uthread.ilk
c:\users\ga\desktop\so\so\t2\ave18v\debug\uthread.pdb
c:\users\ga\desktop\so\so\uthreads\debug\uthread.lib
c:\users\ga\desktop\so\so\uthreads\debug\uthread.exp
c:\users\ga\desktop\so\so\t2\ave18v\debug\uthread.lib
c:\users\ga\desktop\so\so\t2\ave18v\debug\uthread.exp
c:\users\ga\desktop\so\so\t2\ave18v\uthread\debug\uthread.tlog\cl.command.1.tlog
c:\users\ga\desktop\so\so\t2\ave18v\uthread\debug\uthread.tlog\cl.read.1.tlog
c:\users\ga\desktop\so\so\t2\ave18v\uthread\debug\uthread.tlog\cl.write.1.tlog
c:\users\ga\desktop\so\so\t2\ave18v\uthread\debug\uthread.tlog\link.command.1.tlog
c:\users\ga\desktop\so\so\t2\ave18v\uthread\debug\uthread.tlog\link.read.1.tlog
c:\users\ga\desktop\so\so\t2\ave18v\uthread\debug\uthread.tlog\link.write.1.tlog
c:\users\ga\desktop\so\so\t2\ave18v\uthread\debug\uthread.tlog\uthread.write.1u.tlog
