c:\users\ga\desktop\so\so\uthreads\usynch\debug\vc141.pdb
c:\users\ga\desktop\so\so\uthreads\usynch\debug\vc141.idb
c:\users\ga\desktop\so\so\uthreads\usynch\debug\semaphore.obj
c:\users\ga\desktop\so\so\uthreads\usynch\debug\mutex.obj
c:\users\ga\desktop\so\so\uthreads\usynch\debug\event.obj
c:\users\ga\desktop\so\so\t2\ave18v\usynch\debug\vc141.pdb
c:\users\ga\desktop\so\so\t2\ave18v\usynch\debug\vc141.idb
c:\users\ga\desktop\so\so\t2\ave18v\usynch\debug\semaphore.obj
c:\users\ga\desktop\so\so\t2\ave18v\usynch\debug\mutex.obj
c:\users\ga\desktop\so\so\t2\ave18v\usynch\debug\event.obj
c:\users\ga\desktop\so\so\uthreads\debug\usynch.ilk
c:\users\ga\desktop\so\so\uthreads\debug\usynch.dll
c:\users\ga\desktop\so\so\uthreads\debug\usynch.pdb
c:\users\ga\desktop\so\so\t2\ave18v\debug\usynch.dll
c:\users\ga\desktop\so\so\t2\ave18v\debug\usynch.ilk
c:\users\ga\desktop\so\so\t2\ave18v\debug\usynch.pdb
c:\users\ga\desktop\so\so\uthreads\debug\usynch.lib
c:\users\ga\desktop\so\so\uthreads\debug\usynch.exp
c:\users\ga\desktop\so\so\t2\ave18v\debug\usynch.lib
c:\users\ga\desktop\so\so\t2\ave18v\debug\usynch.exp
c:\users\ga\desktop\so\so\t2\ave18v\usynch\debug\usynch.tlog\cl.command.1.tlog
c:\users\ga\desktop\so\so\t2\ave18v\usynch\debug\usynch.tlog\cl.read.1.tlog
c:\users\ga\desktop\so\so\t2\ave18v\usynch\debug\usynch.tlog\cl.write.1.tlog
c:\users\ga\desktop\so\so\t2\ave18v\usynch\debug\usynch.tlog\link.command.1.tlog
c:\users\ga\desktop\so\so\t2\ave18v\usynch\debug\usynch.tlog\link.read.1.tlog
c:\users\ga\desktop\so\so\t2\ave18v\usynch\debug\usynch.tlog\link.write.1.tlog
c:\users\ga\desktop\so\so\t2\ave18v\usynch\debug\usynch.tlog\usynch.write.1u.tlog
